Connecting to database specified by database.yml
Compiled jquery.js  (3ms)  (pid 8194)
Compiled jquery_ujs.js  (0ms)  (pid 8194)
Compiled application.js  (9ms)  (pid 8194)
Compiled application.css  (0ms)  (pid 8194)
Connecting to database specified by database.yml
Compiled jquery.js  (4ms)  (pid 8194)
Compiled jquery_ujs.js  (0ms)  (pid 8194)
Compiled application.js  (11ms)  (pid 8194)
Compiled application.css  (0ms)  (pid 8194)
Connecting to database specified by database.yml
Compiled jquery.js  (4ms)  (pid 8206)
Compiled jquery_ujs.js  (0ms)  (pid 8206)
Compiled application.js  (10ms)  (pid 8206)
Compiled application.css  (0ms)  (pid 8206)
Connecting to database specified by database.yml
Compiled jquery.js  (3ms)  (pid 8206)
Compiled jquery_ujs.js  (0ms)  (pid 8206)
Compiled application.js  (10ms)  (pid 8206)
Compiled application.css  (0ms)  (pid 8206)
